  szablony.cpp
E:\4TIPgNosek\4_Obiektowe\4_Obiektowe\szablony\szablony\szablony.cpp(43,23): warning C4305: 'initializing': truncation from 'double' to 'float'
E:\4TIPgNosek\4_Obiektowe\4_Obiektowe\szablony\szablony\szablony.cpp(43,36): warning C4305: 'initializing': truncation from 'double' to 'float'
E:\4TIPgNosek\4_Obiektowe\4_Obiektowe\szablony\szablony\szablony.cpp(46,35): warning C4244: 'argument': conversion from 'float' to 'T', possible loss of data
          with
          [
              T=int
          ]
E:\4TIPgNosek\4_Obiektowe\4_Obiektowe\szablony\szablony\szablony.cpp(46,29): warning C4244: 'argument': conversion from 'float' to 'T', possible loss of data
          with
          [
              T=int
          ]
E:\4TIPgNosek\4_Obiektowe\4_Obiektowe\szablony\szablony\szablony.cpp(18,24): warning C4244: 'return': conversion from 'double' to 'J', possible loss of data
          with
          [
              J=float
          ]
E:\4TIPgNosek\4_Obiektowe\4_Obiektowe\szablony\szablony\szablony.cpp(48): message : see reference to function template instantiation 'J obwKol<float>(J)' being compiled
          with
          [
              J=float
          ]
E:\4TIPgNosek\4_Obiektowe\4_Obiektowe\szablony\szablony\szablony.cpp(22,17): warning C4244: 'return': conversion from 'double' to 'J', possible loss of data
          with
          [
              J=float
          ]
E:\4TIPgNosek\4_Obiektowe\4_Obiektowe\szablony\szablony\szablony.cpp(49): message : see reference to function template instantiation 'J polKol<float>(J)' being compiled
          with
          [
              J=float
          ]
  szablony.vcxproj -> E:\4TIPgNosek\4_Obiektowe\4_Obiektowe\szablony\x64\Debug\szablony.exe
